<?xml version="1.0" encoding="UTF-8" ?>
<testsuite errors="0" failures="2" hostname="KEEs-MacBook-Pro.local" name="PrintingOutTextTest" skipped="0" tests="3" time="0.121" timestamp="2015-11-03T08:48:21">
  <properties>
[...]
</properties>
  <testcase classname="PrintingOutTextTest" name="printsSomething" time="0.008">
    <failure message="You should print something" type="junit.framework.AssertionFailedError">junit.framework.AssertionFailedError: You should print something
	at PrintingOutTextTest.printsSomething(PrintingOutTextTest.java:25)
	at fi.helsinki.cs.tmc.edutestutils.MockStdio$1.evaluate(MockStdio.java:106)
</failure>
  </testcase>
  <testcase classname="PrintingOutTextTest" name="noVariables" time="0.0" />
  <testcase classname="PrintingOutTextTest" name="printsRightString" time="0.001">
    <failure message="You did not print the right string expected:&lt;[In the beginning there were the swamp, the hoe and Java.]&gt; but was:&lt;[]&gt;" type="junit.framework.AssertionFailedError">junit.framework.AssertionFailedError: You did not print the right string expected:&lt;[In the beginning there were the swamp, the hoe and Java.]&gt; but was:&lt;[]&gt;
	at PrintingOutTextTest.printsRightString(PrintingOutTextTest.java:31)
	at fi.helsinki.cs.tmc.edutestutils.MockStdio$1.evaluate(MockStdio.java:106)
</failure>
  </testcase>
  <system-out><![CDATA[]]></system-out>
  <system-err><![CDATA[]]></system-err>
</testsuite>
